<?xml version="1.0" encoding="UTF-8"?>
<testng-results skipped="0" failed="0" ignored="0" total="0" passed="0">
  <reporter-output>
  </reporter-output>
  <suite name="Surefire suite" duration-ms="22132" started-at="2020-01-28T09:52:13 SGT" finished-at="2020-01-28T09:52:35 SGT">
    <groups>
    </groups>
    <test name="Surefire test" duration-ms="22132" started-at="2020-01-28T09:52:13 SGT" finished-at="2020-01-28T09:52:35 SGT">
    </test> <!-- Surefire test -->
  </suite> <!-- Surefire suite -->
</testng-results>
