<?xml version="1.0" encoding="UTF-8"?>
<testsuite name="Generic test cases"
           tests="7"
           failures="0"
           errors="0"
           skipped="0"
           time="30.761">
  <properties />
  
  
            <testcase name="NotificationPage" time="2.170" classname="GenericTest.LoginIRT" />
                <testcase name="InTransitOrdersPage" time="4.284" classname="GenericTest.LoginIRT" />
                <testcase name="AcceptedOrdersPage" time="4.270" classname="GenericTest.LoginIRT" />
                <testcase name="LogoutPage" time="5.217" classname="GenericTest.LoginIRT" />
                <testcase name="Login" time="4.012" classname="GenericTest.LoginIRT" />
                <testcase name="SettingsPage" time="6.549" classname="GenericTest.LoginIRT" />
                <testcase name="ImageSubmittedPage" time="4.259" classname="GenericTest.LoginIRT" />
      
</testsuite>
