<?xml version="1.0" encoding="UTF-8"?>
<testsuite name="Generic test cases"
           tests="7"
           failures="0"
           errors="0"
           skipped="0"
           time="29.635">
  <properties />
  
  
            <testcase name="NotificationPage" time="2.139" classname="GenericTest.LoginIRT" />
                <testcase name="ImageSubmittedPage" time="4.239" classname="GenericTest.LoginIRT" />
                <testcase name="LogoutPage" time="4.952" classname="GenericTest.LoginIRT" />
                <testcase name="Login" time="3.412" classname="GenericTest.LoginIRT" />
                <testcase name="AcceptedOrdersPage" time="4.232" classname="GenericTest.LoginIRT" />
                <testcase name="SettingsPage" time="6.493" classname="GenericTest.LoginIRT" />
                <testcase name="InTransitOrdersPage" time="4.168" classname="GenericTest.LoginIRT" />
      
</testsuite>
