<?xml version="1.0" encoding="UTF-8"?>
<testsuite name="Generic test cases"
           tests="5"
           failures="0"
           errors="0"
           skipped="0"
           time="19.912">
  <properties />
  
  
            <testcase name="SettingsPage" time="6.570" classname="GenericTest.LoginDispatcher" />
                <testcase name="NotificationPage" time="2.179" classname="GenericTest.LoginDispatcher" />
                <testcase name="Login" time="2.969" classname="GenericTest.LoginDispatcher" />
                <testcase name="ProblemsReportedPage" time="4.084" classname="GenericTest.LoginDispatcher" />
                <testcase name="LogoutPage" time="4.110" classname="GenericTest.LoginDispatcher" />
      
</testsuite>
