<?xml version="1.0" encoding="UTF-8"?>
<testsuite name="Generic test cases"
           tests="8"
           failures="0"
           errors="0"
           skipped="0"
           time="32.975">
  <properties />
  
  
            <testcase name="SettingsPage" time="6.586" classname="GenericTest.LoginCustomer" />
                <testcase name="DeliveryReceiptsPage" time="4.251" classname="GenericTest.LoginCustomer" />
                <testcase name="HistoryPage" time="4.326" classname="GenericTest.LoginCustomer" />
                <testcase name="CDSSProfilePage" time="4.264" classname="GenericTest.LoginCustomer" />
                <testcase name="NotificationPage" time="2.192" classname="GenericTest.LoginCustomer" />
                <testcase name="DeliveryStatusPage" time="5.333" classname="GenericTest.LoginCustomer" />
                <testcase name="Login" time="0.925" classname="GenericTest.LoginCustomer" />
                <testcase name="LogoutPage" time="5.098" classname="GenericTest.LoginCustomer" />
      
</testsuite>
