<?xml version="1.0" encoding="UTF-8"?>
<testsuite name="Generic test cases"
           tests="8"
           failures="0"
           errors="0"
           skipped="0"
           time="32.904">
  <properties />
  
  
            <testcase name="HistoryPage" time="6.904" classname="GenericTest.LoginCustomer" />
                <testcase name="Login" time="0.463" classname="GenericTest.LoginCustomer" />
                <testcase name="NotificationPage" time="1.151" classname="GenericTest.LoginCustomer" />
                <testcase name="CDSSProfilePage" time="4.920" classname="GenericTest.LoginCustomer" />
                <testcase name="SettingsPage" time="5.428" classname="GenericTest.LoginCustomer" />
                <testcase name="DeliveryStatusPage" time="4.870" classname="GenericTest.LoginCustomer" />
                <testcase name="LogoutPage" time="2.959" classname="GenericTest.LoginCustomer" />
                <testcase name="DeliveryReceiptsPage" time="6.209" classname="GenericTest.LoginCustomer" />
      
</testsuite>
