<?xml version="1.0" encoding="UTF-8"?>
<testsuite name="Generic test cases"
           tests="8"
           failures="0"
           errors="0"
           skipped="0"
           time="26.487">
  <properties />
  
  
            <testcase name="SettingsPage" time="4.266" classname="GenericTest.LoginSales" />
                <testcase name="ServingClient" time="2.995" classname="GenericTest.LoginSales" />
                <testcase name="OnGoingDeliveries" time="4.207" classname="GenericTest.LoginSales" />
                <testcase name="Login" time="0.396" classname="GenericTest.LoginSales" />
                <testcase name="DeliveryStatus" time="4.219" classname="GenericTest.LoginSales" />
                <testcase name="NotificationPage" time="2.904" classname="GenericTest.LoginSales" />
                <testcase name="Last6Months" time="3.233" classname="GenericTest.LoginSales" />
                <testcase name="History" time="4.267" classname="GenericTest.LoginSales" />
      
</testsuite>
