<?xml version="1.0" encoding="UTF-8"?>
<testsuite name="Generic test cases"
           tests="6"
           failures="0"
           errors="0"
           skipped="0"
           time="23.227">
  <properties />
  
  
            <testcase name="ImageSubmittedPage" time="4.221" classname="GenericTest.LoginIRT" />
                <testcase name="AcceptedOrdersPage" time="4.208" classname="GenericTest.LoginIRT" />
                <testcase name="NotificationPage" time="2.866" classname="GenericTest.LoginIRT" />
                <testcase name="Login" time="3.420" classname="GenericTest.LoginIRT" />
                <testcase name="SettingsPage" time="4.259" classname="GenericTest.LoginIRT" />
                <testcase name="InTransitOrdersPage" time="4.253" classname="GenericTest.LoginIRT" />
      
</testsuite>
