<?xml version="1.0" encoding="UTF-8"?>
<testsuite name="Generic test cases"
           tests="7"
           failures="0"
           errors="0"
           skipped="0"
           time="31.214">
  <properties />
  
  
            <testcase name="InTransitOrdersPage" time="4.496" classname="GenericTest.LoginIRT" />
                <testcase name="ImageSubmittedPage" time="4.385" classname="GenericTest.LoginIRT" />
                <testcase name="LogoutPage" time="5.289" classname="GenericTest.LoginIRT" />
                <testcase name="AcceptedOrdersPage" time="4.417" classname="GenericTest.LoginIRT" />
                <testcase name="Login" time="3.452" classname="GenericTest.LoginIRT" />
                <testcase name="NotificationPage" time="2.243" classname="GenericTest.LoginIRT" />
                <testcase name="SettingsPage" time="6.932" classname="GenericTest.LoginIRT" />
      
</testsuite>
