<?xml version="1.0" encoding="UTF-8"?>
<testsuite name="Generic test cases"
           tests="7"
           failures="0"
           errors="0"
           skipped="0"
           time="30.265">
  <properties />
  
  
            <testcase name="ProblemsReportedPage" time="4.250" classname="GenericTest.LoginDispatcher" />
                <testcase name="ManageReasonsPage" time="4.278" classname="GenericTest.LoginDispatcher" />
                <testcase name="Login" time="3.841" classname="GenericTest.LoginDispatcher" />
                <testcase name="SettingsPage" time="6.509" classname="GenericTest.LoginDispatcher" />
                <testcase name="DeliveryHistoryPage" time="4.233" classname="GenericTest.LoginDispatcher" />
                <testcase name="NotificationPage" time="2.149" classname="GenericTest.LoginDispatcher" />
                <testcase name="LogoutPage" time="5.005" classname="GenericTest.LoginDispatcher" />
      
</testsuite>
