<?xml version="1.0" encoding="UTF-8"?>
<testsuite name="Generic test cases"
           tests="5"
           failures="0"
           errors="0"
           skipped="0"
           time="20.627">
  <properties />
  
  
            <testcase name="SettingsPage" time="6.582" classname="GenericTest.LoginDispatcher" />
                <testcase name="NotificationPage" time="2.138" classname="GenericTest.LoginDispatcher" />
                <testcase name="Login" time="2.818" classname="GenericTest.LoginDispatcher" />
                <testcase name="ProblemsReportedPage" time="5.123" classname="GenericTest.LoginDispatcher" />
                <testcase name="LogoutPage" time="3.966" classname="GenericTest.LoginDispatcher" />
      
</testsuite>
