<?xml version="1.0" encoding="UTF-8"?>
<testsuite name="Generic test cases"
           tests="7"
           failures="0"
           errors="0"
           skipped="0"
           time="29.725">
  <properties />
  
  
            <testcase name="NotificationPage" time="2.114" classname="GenericTest.LoginIRT" />
                <testcase name="SettingsPage" time="6.520" classname="GenericTest.LoginIRT" />
                <testcase name="ImageSubmittedPage" time="4.226" classname="GenericTest.LoginIRT" />
                <testcase name="LogoutPage" time="4.977" classname="GenericTest.LoginIRT" />
                <testcase name="InTransitOrdersPage" time="4.259" classname="GenericTest.LoginIRT" />
                <testcase name="Login" time="3.415" classname="GenericTest.LoginIRT" />
                <testcase name="AcceptedOrdersPage" time="4.214" classname="GenericTest.LoginIRT" />
      
</testsuite>
