<?xml version="1.0" encoding="UTF-8"?>
<testsuite name="Generic test cases"
           tests="7"
           failures="0"
           errors="0"
           skipped="0"
           time="29.770">
  <properties />
  
  
            <testcase name="Login" time="3.390" classname="GenericTest.LoginIRT" />
                <testcase name="InTransitOrdersPage" time="4.277" classname="GenericTest.LoginIRT" />
                <testcase name="AcceptedOrdersPage" time="4.241" classname="GenericTest.LoginIRT" />
                <testcase name="NotificationPage" time="2.150" classname="GenericTest.LoginIRT" />
                <testcase name="SettingsPage" time="6.504" classname="GenericTest.LoginIRT" />
                <testcase name="ImageSubmittedPage" time="4.180" classname="GenericTest.LoginIRT" />
                <testcase name="LogoutPage" time="5.028" classname="GenericTest.LoginIRT" />
      
</testsuite>
