<?xml version="1.0" encoding="UTF-8"?>
<testsuite name="Generic test cases"
           tests="5"
           failures="0"
           errors="0"
           skipped="0"
           time="21.880">
  <properties />
  
  
            <testcase name="NotificationPage" time="2.138" classname="GenericTest.LoginDispatcher" />
                <testcase name="SettingsPage" time="6.431" classname="GenericTest.LoginDispatcher" />
                <testcase name="ProblemsReportedPage" time="5.018" classname="GenericTest.LoginDispatcher" />
                <testcase name="LogoutPage" time="3.848" classname="GenericTest.LoginDispatcher" />
                <testcase name="Login" time="4.445" classname="GenericTest.LoginDispatcher" />
      
</testsuite>
