<?xml version="1.0" encoding="UTF-8"?>
<testsuite name="Generic test cases"
           tests="7"
           failures="0"
           errors="0"
           skipped="0"
           time="29.962">
  <properties />
  
  
            <testcase name="AcceptedOrdersPage" time="4.224" classname="GenericTest.LoginIRT" />
                <testcase name="SettingsPage" time="6.383" classname="GenericTest.LoginIRT" />
                <testcase name="Login" time="3.870" classname="GenericTest.LoginIRT" />
                <testcase name="InTransitOrdersPage" time="4.230" classname="GenericTest.LoginIRT" />
                <testcase name="ImageSubmittedPage" time="4.246" classname="GenericTest.LoginIRT" />
                <testcase name="NotificationPage" time="2.128" classname="GenericTest.LoginIRT" />
                <testcase name="LogoutPage" time="4.881" classname="GenericTest.LoginIRT" />
      
</testsuite>
