<?xml version="1.0" encoding="UTF-8"?>
<testsuite name="Generic test cases"
           tests="6"
           failures="0"
           errors="0"
           skipped="0"
           time="23.580">
  <properties />
  
  
            <testcase name="NotificationPage" time="2.870" classname="GenericTest.LoginDispatcher" />
                <testcase name="Login" time="3.410" classname="GenericTest.LoginDispatcher" />
                <testcase name="ManageReasonsPage" time="4.239" classname="GenericTest.LoginDispatcher" />
                <testcase name="SettingsPage" time="4.254" classname="GenericTest.LoginDispatcher" />
                <testcase name="ProblemsReportedPage" time="4.194" classname="GenericTest.LoginDispatcher" />
                <testcase name="DeliveryHistoryPage" time="4.613" classname="GenericTest.LoginDispatcher" />
      
</testsuite>
