<?xml version="1.0" encoding="UTF-8"?>
<testsuite name="Generic test cases"
           tests="8"
           failures="0"
           errors="0"
           skipped="0"
           time="38.797">
  <properties />
  
  
            <testcase name="DeliveryStatusPage" time="5.649" classname="GenericTest.LoginCustomer" />
                <testcase name="SettingsPage" time="6.904" classname="GenericTest.LoginCustomer" />
                <testcase name="CDSSProfilePage" time="5.933" classname="GenericTest.LoginCustomer" />
                <testcase name="HistoryPage" time="6.865" classname="GenericTest.LoginCustomer" />
                <testcase name="DeliveryReceiptsPage" time="5.390" classname="GenericTest.LoginCustomer" />
                <testcase name="LogoutPage" time="5.356" classname="GenericTest.LoginCustomer" />
                <testcase name="NotificationPage" time="2.205" classname="GenericTest.LoginCustomer" />
                <testcase name="Login" time="0.495" classname="GenericTest.LoginCustomer" />
      
</testsuite>
