<?xml version="1.0" encoding="UTF-8"?>
<testsuite name="Generic test cases"
           tests="8"
           failures="0"
           errors="0"
           skipped="0"
           time="30.255">
  <properties />
  
  
            <testcase name="CDSSProfilePage" time="4.239" classname="GenericTest.LoginCustomer" />
                <testcase name="Login" time="0.494" classname="GenericTest.LoginCustomer" />
                <testcase name="DeliveryReceiptsPage" time="5.176" classname="GenericTest.LoginCustomer" />
                <testcase name="NotificationPage" time="1.162" classname="GenericTest.LoginCustomer" />
                <testcase name="HistoryPage" time="6.229" classname="GenericTest.LoginCustomer" />
                <testcase name="DeliveryStatusPage" time="4.545" classname="GenericTest.LoginCustomer" />
                <testcase name="LogoutPage" time="2.938" classname="GenericTest.LoginCustomer" />
                <testcase name="SettingsPage" time="5.472" classname="GenericTest.LoginCustomer" />
      
</testsuite>
