<?xml version="1.0" encoding="UTF-8"?>
<testsuite name="Generic test cases"
           tests="8"
           failures="0"
           errors="0"
           skipped="0"
           time="36.258">
  <properties />
  
  
            <testcase name="SettingsPage" time="6.476" classname="GenericTest.LoginCustomer" />
                <testcase name="Login" time="0.418" classname="GenericTest.LoginCustomer" />
                <testcase name="HistoryPage" time="6.637" classname="GenericTest.LoginCustomer" />
                <testcase name="LogoutPage" time="4.983" classname="GenericTest.LoginCustomer" />
                <testcase name="DeliveryStatusPage" time="5.578" classname="GenericTest.LoginCustomer" />
                <testcase name="NotificationPage" time="2.148" classname="GenericTest.LoginCustomer" />
                <testcase name="DeliveryReceiptsPage" time="5.251" classname="GenericTest.LoginCustomer" />
                <testcase name="CDSSProfilePage" time="4.767" classname="GenericTest.LoginCustomer" />
      
</testsuite>
