<?xml version="1.0" encoding="UTF-8"?>
<testsuite name="Generic test cases"
           tests="8"
           failures="0"
           errors="0"
           skipped="0"
           time="31.412">
  <properties />
  
  
            <testcase name="SettingsPage" time="5.400" classname="GenericTest.LoginCustomer" />
                <testcase name="DeliveryReceiptsPage" time="6.232" classname="GenericTest.LoginCustomer" />
                <testcase name="DeliveryStatusPage" time="4.615" classname="GenericTest.LoginCustomer" />
                <testcase name="HistoryPage" time="6.239" classname="GenericTest.LoginCustomer" />
                <testcase name="Login" time="0.433" classname="GenericTest.LoginCustomer" />
                <testcase name="CDSSProfilePage" time="4.488" classname="GenericTest.LoginCustomer" />
                <testcase name="NotificationPage" time="1.137" classname="GenericTest.LoginCustomer" />
                <testcase name="LogoutPage" time="2.868" classname="GenericTest.LoginCustomer" />
      
</testsuite>
