<?xml version="1.0" encoding="UTF-8"?>
<testsuite name="Generic test cases"
           tests="7"
           failures="0"
           errors="0"
           skipped="0"
           time="27.336">
  <properties />
  
  
            <testcase name="CDSSProfilePage" time="4.407" classname="GenericTest.LoginCustomer" />
                <testcase name="HistoryPage" time="5.222" classname="GenericTest.LoginCustomer" />
                <testcase name="DeliveryStatusPage" time="5.783" classname="GenericTest.LoginCustomer" />
                <testcase name="Login" time="0.436" classname="GenericTest.LoginCustomer" />
                <testcase name="DeliveryReceiptsPage" time="4.248" classname="GenericTest.LoginCustomer" />
                <testcase name="SettingsPage" time="4.328" classname="GenericTest.LoginCustomer" />
                <testcase name="NotificationPage" time="2.912" classname="GenericTest.LoginCustomer" />
      
</testsuite>
