<?xml version="1.0" encoding="UTF-8"?>
<testsuite name="Generic test cases"
           tests="6"
           failures="0"
           errors="0"
           skipped="0"
           time="22.505">
  <properties />
  
  
            <testcase name="ProblemsReportedPage" time="4.125" classname="GenericTest.LoginDispatcher" />
                <testcase name="NotificationPage" time="2.682" classname="GenericTest.LoginDispatcher" />
                <testcase name="SettingsPage" time="4.112" classname="GenericTest.LoginDispatcher" />
                <testcase name="ManageReasonsPage" time="4.138" classname="GenericTest.LoginDispatcher" />
                <testcase name="Login" time="3.309" classname="GenericTest.LoginDispatcher" />
                <testcase name="DeliveryHistoryPage" time="4.139" classname="GenericTest.LoginDispatcher" />
      
</testsuite>
