<?xml version="1.0" encoding="UTF-8"?>
<testsuite name="Generic test cases"
           tests="8"
           failures="0"
           errors="0"
           skipped="0"
           time="38.354">
  <properties />
  
  
            <testcase name="HistoryPage" time="7.245" classname="GenericTest.LoginCustomer" />
                <testcase name="SettingsPage" time="6.526" classname="GenericTest.LoginCustomer" />
                <testcase name="CDSSProfilePage" time="6.141" classname="GenericTest.LoginCustomer" />
                <testcase name="DeliveryStatusPage" time="5.488" classname="GenericTest.LoginCustomer" />
                <testcase name="NotificationPage" time="2.184" classname="GenericTest.LoginCustomer" />
                <testcase name="DeliveryReceiptsPage" time="5.291" classname="GenericTest.LoginCustomer" />
                <testcase name="Login" time="0.413" classname="GenericTest.LoginCustomer" />
                <testcase name="LogoutPage" time="5.066" classname="GenericTest.LoginCustomer" />
      
</testsuite>
