<?xml version="1.0" encoding="UTF-8"?>
<testsuite name="Generic test cases"
           tests="7"
           failures="0"
           errors="0"
           skipped="0"
           time="30.195">
  <properties />
  
  
            <testcase name="SettingsPage" time="6.576" classname="GenericTest.LoginIRT" />
                <testcase name="AcceptedOrdersPage" time="4.261" classname="GenericTest.LoginIRT" />
                <testcase name="LogoutPage" time="5.087" classname="GenericTest.LoginIRT" />
                <testcase name="ImageSubmittedPage" time="4.306" classname="GenericTest.LoginIRT" />
                <testcase name="Login" time="3.469" classname="GenericTest.LoginIRT" />
                <testcase name="NotificationPage" time="2.193" classname="GenericTest.LoginIRT" />
                <testcase name="InTransitOrdersPage" time="4.303" classname="GenericTest.LoginIRT" />
      
</testsuite>
