<?xml version="1.0" encoding="UTF-8"?>
<testsuite name="Generic test cases"
           tests="8"
           failures="0"
           errors="0"
           skipped="0"
           time="85.537">
  <properties />
  
  
            <testcase name="HistoryPage" time="11.437" classname="GenericTest.LoginCustomer" />
                <testcase name="Login" time="0.305" classname="GenericTest.LoginCustomer" />
                <testcase name="LogoutPage" time="14.731" classname="GenericTest.LoginCustomer" />
                <testcase name="CDSSProfilePage" time="15.129" classname="GenericTest.LoginCustomer" />
                <testcase name="DeliveryReceiptsPage" time="5.145" classname="GenericTest.LoginCustomer" />
                <testcase name="DeliveryStatusPage" time="5.463" classname="GenericTest.LoginCustomer" />
                <testcase name="NotificationPage" time="7.082" classname="GenericTest.LoginCustomer" />
                <testcase name="SettingsPage" time="26.245" classname="GenericTest.LoginCustomer" />
      
</testsuite>
